cuc@cuc-VirtualBox:~/qiling_sth$ python3 run.py 
[=]     mmap2(addr = 0x0, length = 0x1000, prot = 0x3, flags = 0x4000022, fd = 0xffffffff, pgoffset = 0x0) = 0x774bf000
[=]     open(filename = 0x7ff3c348, flags = 0x0, mode = 0x0) = 0x3
[=]     fstat(fd = 0x3, buf_ptr = 0x7ff3c2e0) = 0x0
[=]     mmap2(addr = 0x0, length = 0x1000, prot = 0x3, flags = 0x4000022, fd = 0xffffffff, pgoffset = 0x0) = 0x774c0000
[=]     read(fd = 0x3, buf = 0x774c0000, length = 0x1000) = 0x1000
[=]     mmap2(addr = 0x0, length = 0x31000, prot = 0x0, flags = 0x22, fd = 0xffffffff, pgoffset = 0x0) = 0x774c1000
[=]     mmap2(addr = 0x774c1000, length = 0xd700, prot = 0x5, flags = 0x12, fd = 0x3, pgoffset = 0x0) = 0x774c1000
[=]     mmap2(addr = 0x774d6000, length = 0xf18, prot = 0x3, flags = 0x12, fd = 0x3, pgoffset = 0xd) = 0x774d6000
[=]     mmap2(addr = 0x774d7000, length = 0x1a740, prot = 0x3, flags = 0x32, fd = 0xffffffff, pgoffset = 0x0) = 0x774d7000
[=]     close(fd = 0x3) = 0x0
[=]     munmap(addr = 0x774c0000, length = 0x1000) = 0x0
[=]     open(filename = 0x7ff3c338, flags = 0x0, mode = 0x0) = 0x3
[=]     fstat(fd = 0x3, buf_ptr = 0x7ff3c2d0) = 0x0
[=]     mmap2(addr = 0x0, length = 0x1000, prot = 0x3, flags = 0x4000022, fd = 0xffffffff, pgoffset = 0x0) = 0x774f2000
[=]     read(fd = 0x3, buf = 0x774f2000, length = 0x1000) = 0x1000
[=]     mmap2(addr = 0x0, length = 0x1b000, prot = 0x0, flags = 0x22, fd = 0xffffffff, pgoffset = 0x0) = 0x774f3000
[=]     mmap2(addr = 0x774f3000, length = 0x11e68, prot = 0x5, flags = 0x12, fd = 0x3, pgoffset = 0x0) = 0x774f3000
[=]     mmap2(addr = 0x7750d000, length = 0x344, prot = 0x3, flags = 0x12, fd = 0x3, pgoffset = 0x12) = 0x7750d000
[=]     close(fd = 0x3) = 0x0
[=]     munmap(addr = 0x774f2000, length = 0x1000) = 0x0
[=]     open(filename = 0x7ff3c328, flags = 0x0, mode = 0x0) = 0x3
[=]     fstat(fd = 0x3, buf_ptr = 0x7ff3c2c0) = 0x0
[=]     mmap2(addr = 0x0, length = 0x1000, prot = 0x3, flags = 0x4000022, fd = 0xffffffff, pgoffset = 0x0) = 0x7750e000
[=]     read(fd = 0x3, buf = 0x7750e000, length = 0x1000) = 0x1000
[=]     mmap2(addr = 0x0, length = 0xf000, prot = 0x0, flags = 0x22, fd = 0xffffffff, pgoffset = 0x0) = 0x7750f000
[=]     mmap2(addr = 0x7750f000, length = 0x65d8, prot = 0x5, flags = 0x12, fd = 0x3, pgoffset = 0x0) = 0x7750f000
[=]     mmap2(addr = 0x7751d000, length = 0x7f4, prot = 0x3, flags = 0x12, fd = 0x3, pgoffset = 0x6) = 0x7751d000
[=]     close(fd = 0x3) = 0x0
[=]     munmap(addr = 0x7750e000, length = 0x1000) = 0x0
[=]     open(filename = 0x7ff3c318, flags = 0x0, mode = 0x0) = 0x3
[=]     fstat(fd = 0x3, buf_ptr = 0x7ff3c2b0) = 0x0
[=]     mmap2(addr = 0x0, length = 0x1000, prot = 0x3, flags = 0x4000022, fd = 0xffffffff, pgoffset = 0x0) = 0x7751e000
[=]     read(fd = 0x3, buf = 0x7751e000, length = 0x1000) = 0x1000
[=]     mmap2(addr = 0x0, length = 0xb000, prot = 0x0, flags = 0x22, fd = 0xffffffff, pgoffset = 0x0) = 0x7751f000
[=]     mmap2(addr = 0x7751f000, length = 0x1fd4, prot = 0x5, flags = 0x12, fd = 0x3, pgoffset = 0x0) = 0x7751f000
[=]     mmap2(addr = 0x77529000, length = 0x180, prot = 0x3, flags = 0x12, fd = 0x3, pgoffset = 0x2) = 0x77529000
[=]     close(fd = 0x3) = 0x0
[=]     munmap(addr = 0x7751e000, length = 0x1000) = 0x0
[=]     open(filename = 0x7ff3c308, flags = 0x0, mode = 0x0) = 0x3
[=]     fstat(fd = 0x3, buf_ptr = 0x7ff3c2a0) = 0x0
[=]     mmap2(addr = 0x0, length = 0x1000, prot = 0x3, flags = 0x4000022, fd = 0xffffffff, pgoffset = 0x0) = 0x7752a000
[=]     read(fd = 0x3, buf = 0x7752a000, length = 0x1000) = 0x1000
[=]     mmap2(addr = 0x0, length = 0x1d000, prot = 0x0, flags = 0x22, fd = 0xffffffff, pgoffset = 0x0) = 0x7752b000
[=]     mmap2(addr = 0x7752b000, length = 0x13620, prot = 0x5, flags = 0x12, fd = 0x3, pgoffset = 0x0) = 0x7752b000
[=]     mmap2(addr = 0x77546000, length = 0x1a5c, prot = 0x3, flags = 0x12, fd = 0x3, pgoffset = 0x13) = 0x77546000
[=]     close(fd = 0x3) = 0x0
[=]     munmap(addr = 0x7752a000, length = 0x1000) = 0x0
[=]     open(filename = 0x7ff3c2f8, flags = 0x0, mode = 0x0) = 0x3
[=]     fstat(fd = 0x3, buf_ptr = 0x7ff3c290) = 0x0
[=]     mmap2(addr = 0x0, length = 0x1000, prot = 0x3, flags = 0x4000022, fd = 0xffffffff, pgoffset = 0x0) = 0x77548000
[=]     read(fd = 0x3, buf = 0x77548000, length = 0x1000) = 0x1000
[=]     mmap2(addr = 0x0, length = 0x1a000, prot = 0x0, flags = 0x22, fd = 0xffffffff, pgoffset = 0x0) = 0x77549000
[=]     mmap2(addr = 0x77549000, length = 0xa564, prot = 0x5, flags = 0x12, fd = 0x3, pgoffset = 0x0) = 0x77549000
[=]     mmap2(addr = 0x7755b000, length = 0x53c0, prot = 0x3, flags = 0x12, fd = 0x3, pgoffset = 0xa) = 0x7755b000
[=]     mmap2(addr = 0x77561000, length = 0x1590, prot = 0x3, flags = 0x32, fd = 0xffffffff, pgoffset = 0x0) = 0x77561000
[=]     close(fd = 0x3) = 0x0
[=]     munmap(addr = 0x77548000, length = 0x1000) = 0x0
[=]     open(filename = 0x7ff3c2e8, flags = 0x0, mode = 0x0) = 0x3
[=]     fstat(fd = 0x3, buf_ptr = 0x7ff3c280) = 0x0
[=]     mmap2(addr = 0x0, length = 0x1000, prot = 0x3, flags = 0x4000022, fd = 0xffffffff, pgoffset = 0x0) = 0x77563000
[=]     read(fd = 0x3, buf = 0x77563000, length = 0x1000) = 0xd64
[=]     mmap2(addr = 0x0, length = 0x9000, prot = 0x0, flags = 0x22, fd = 0xffffffff, pgoffset = 0x0) = 0x77564000
[=]     mmap2(addr = 0x77564000, length = 0x93c, prot = 0x5, flags = 0x12, fd = 0x3, pgoffset = 0x0) = 0x77564000
[=]     mmap2(addr = 0x7756c000, length = 0xa20, prot = 0x3, flags = 0x12, fd = 0x3, pgoffset = 0x0) = 0x7756c000
[=]     mprotect(start = 0x77564000, mlen = 0x93c, prot = 0x7) = 0x0
[=]     close(fd = 0x3) = 0x0
[=]     munmap(addr = 0x77563000, length = 0x1000) = 0x0
[=]     open(filename = 0x7ff3c2d8, flags = 0x0, mode = 0x0) = 0x3
[=]     fstat(fd = 0x3, buf_ptr = 0x7ff3c270) = 0x0
[=]     mmap2(addr = 0x0, length = 0x1000, prot = 0x3, flags = 0x4000022, fd = 0xffffffff, pgoffset = 0x0) = 0x7756d000
[=]     read(fd = 0x3, buf = 0x7756d000, length = 0x1000) = 0x1000
[=]     mmap2(addr = 0x0, length = 0x16000, prot = 0x0, flags = 0x22, fd = 0xffffffff, pgoffset = 0x0) = 0x7756e000
[=]     mmap2(addr = 0x7756e000, length = 0xc2a0, prot = 0x5, flags = 0x12, fd = 0x3, pgoffset = 0x0) = 0x7756e000
[=]     mmap2(addr = 0x77583000, length = 0xe8c, prot = 0x3, flags = 0x12, fd = 0x3, pgoffset = 0xd) = 0x77583000
[=]     close(fd = 0x3) = 0x0
[=]     munmap(addr = 0x7756d000, length = 0x1000) = 0x0
[=]     open(filename = 0x7ff3c2c8, flags = 0x0, mode = 0x0) = 0x3
[=]     fstat(fd = 0x3, buf_ptr = 0x7ff3c260) = 0x0
[=]     mmap2(addr = 0x0, length = 0x1000, prot = 0x3, flags = 0x4000022, fd = 0xffffffff, pgoffset = 0x0) = 0x77584000
[=]     read(fd = 0x3, buf = 0x77584000, length = 0x1000) = 0x1000
[=]     mmap2(addr = 0x0, length = 0xa4000, prot = 0x0, flags = 0x22, fd = 0xffffffff, pgoffset = 0x0) = 0x77585000
[=]     mmap2(addr = 0x77585000, length = 0x61eb0, prot = 0x5, flags = 0x12, fd = 0x3, pgoffset = 0x0) = 0x77585000
[=]     mmap2(addr = 0x775ee000, length = 0x1a6c, prot = 0x3, flags = 0x12, fd = 0x3, pgoffset = 0x61) = 0x775ee000
[=]     mmap2(addr = 0x775f0000, length = 0x38fcc, prot = 0x3, flags = 0x32, fd = 0xffffffff, pgoffset = 0x0) = 0x775f0000
[=]     close(fd = 0x3) = 0x0
[=]     munmap(addr = 0x77584000, length = 0x1000) = 0x0
[=]     open(filename = 0x7ff3c2b8, flags = 0x0, mode = 0x0) = 0x3
[=]     fstat(fd = 0x3, buf_ptr = 0x7ff3c250) = 0x0
[=]     mmap2(addr = 0x0, length = 0x1000, prot = 0x3, flags = 0x4000022, fd = 0xffffffff, pgoffset = 0x0) = 0x77629000
[=]     read(fd = 0x3, buf = 0x77629000, length = 0x1000) = 0x1000
[=]     mmap2(addr = 0x0, length = 0x19000, prot = 0x0, flags = 0x22, fd = 0xffffffff, pgoffset = 0x0) = 0x7762a000
[=]     mmap2(addr = 0x7762a000, length = 0xefcc, prot = 0x5, flags = 0x12, fd = 0x3, pgoffset = 0x0) = 0x7762a000
[=]     mmap2(addr = 0x77641000, length = 0x1004, prot = 0x3, flags = 0x12, fd = 0x3, pgoffset = 0xf) = 0x77641000
[=]     close(fd = 0x3) = 0x0
[=]     munmap(addr = 0x77629000, length = 0x1000) = 0x0
[=]     open(filename = 0x7ff3c2a8, flags = 0x0, mode = 0x0) = 0x3
[=]     fstat(fd = 0x3, buf_ptr = 0x7ff3c240) = 0x0
[=]     mmap2(addr = 0x0, length = 0x1000, prot = 0x3, flags = 0x4000022, fd = 0xffffffff, pgoffset = 0x0) = 0x77643000
[=]     read(fd = 0x3, buf = 0x77643000, length = 0x1000) = 0x1000
[=]     mmap2(addr = 0x0, length = 0x32000, prot = 0x0, flags = 0x22, fd = 0xffffffff, pgoffset = 0x0) = 0x77644000
[=]     mmap2(addr = 0x77644000, length = 0x261e8, prot = 0x5, flags = 0x12, fd = 0x3, pgoffset = 0x0) = 0x77644000
[=]     mmap2(addr = 0x77673000, length = 0x588, prot = 0x3, flags = 0x12, fd = 0x3, pgoffset = 0x27) = 0x77673000
[=]     mmap2(addr = 0x77674000, length = 0x1ea4, prot = 0x3, flags = 0x32, fd = 0xffffffff, pgoffset = 0x0) = 0x77674000
[=]     close(fd = 0x3) = 0x0
[=]     munmap(addr = 0x77643000, length = 0x1000) = 0x0
[=]     open(filename = 0x7ff3c298, flags = 0x0, mode = 0x0) = 0x3
[=]     fstat(fd = 0x3, buf_ptr = 0x7ff3c230) = 0x0
[=]     mmap2(addr = 0x0, length = 0x1000, prot = 0x3, flags = 0x4000022, fd = 0xffffffff, pgoffset = 0x0) = 0x77676000
[=]     read(fd = 0x3, buf = 0x77676000, length = 0x1000) = 0x1000
[=]     mmap2(addr = 0x0, length = 0x12000, prot = 0x0, flags = 0x22, fd = 0xffffffff, pgoffset = 0x0) = 0x77677000
[=]     mmap2(addr = 0x77677000, length = 0x98d8, prot = 0x5, flags = 0x12, fd = 0x3, pgoffset = 0x0) = 0x77677000
[=]     mmap2(addr = 0x77688000, length = 0xaf0, prot = 0x3, flags = 0x12, fd = 0x3, pgoffset = 0x9) = 0x77688000
[=]     close(fd = 0x3) = 0x0
[=]     munmap(addr = 0x77676000, length = 0x1000) = 0x0
[=]     open(filename = 0x7ff3c288, flags = 0x0, mode = 0x0) = 0x3
[=]     fstat(fd = 0x3, buf_ptr = 0x7ff3c220) = 0x0
[=]     mmap2(addr = 0x0, length = 0x1000, prot = 0x3, flags = 0x4000022, fd = 0xffffffff, pgoffset = 0x0) = 0x77689000
[=]     read(fd = 0x3, buf = 0x77689000, length = 0x1000) = 0x1000
[=]     mmap2(addr = 0x0, length = 0x74000, prot = 0x0, flags = 0x22, fd = 0xffffffff, pgoffset = 0x0) = 0x7768a000
[=]     mmap2(addr = 0x7768a000, length = 0x64ec0, prot = 0x5, flags = 0x12, fd = 0x3, pgoffset = 0x0) = 0x7768a000
[=]     mmap2(addr = 0x776f7000, length = 0x1374, prot = 0x3, flags = 0x12, fd = 0x3, pgoffset = 0x65) = 0x776f7000
[=]     mmap2(addr = 0x776f9000, length = 0x45d0, prot = 0x3, flags = 0x32, fd = 0xffffffff, pgoffset = 0x0) = 0x776f9000
[=]     close(fd = 0x3) = 0x0
[=]     munmap(addr = 0x77689000, length = 0x1000) = 0x0
[=]     open(filename = 0x7ff3c278, flags = 0x0, mode = 0x0) = 0x3
[=]     fstat(fd = 0x3, buf_ptr = 0x7ff3c210) = 0x0
[=]     close(fd = 0x3) = 0x0
[=]     open(filename = 0x7ff3c268, flags = 0x0, mode = 0x0) = 0x3
[=]     fstat(fd = 0x3, buf_ptr = 0x7ff3c200) = 0x0
[=]     close(fd = 0x3) = 0x0
[=]     open(filename = 0x7ff3c258, flags = 0x0, mode = 0x0) = 0x3
[=]     fstat(fd = 0x3, buf_ptr = 0x7ff3c1f0) = 0x0
[=]     close(fd = 0x3) = 0x0
[=]     open(filename = 0x7ff3c248, flags = 0x0, mode = 0x0) = 0x3
[=]     fstat(fd = 0x3, buf_ptr = 0x7ff3c1e0) = 0x0
[=]     close(fd = 0x3) = 0x0
[=]     open(filename = 0x7ff3c238, flags = 0x0, mode = 0x0) = 0x3
[=]     fstat(fd = 0x3, buf_ptr = 0x7ff3c1d0) = 0x0
[=]     close(fd = 0x3) = 0x0
[=]     open(filename = 0x7ff3c228, flags = 0x0, mode = 0x0) = 0x3
[=]     fstat(fd = 0x3, buf_ptr = 0x7ff3c1c0) = 0x0
[=]     close(fd = 0x3) = 0x0
[=]     open(filename = 0x7ff3c218, flags = 0x0, mode = 0x0) = 0x3
[=]     fstat(fd = 0x3, buf_ptr = 0x7ff3c1b0) = 0x0
[=]     close(fd = 0x3) = 0x0
[=]     open(filename = 0x7ff3c208, flags = 0x0, mode = 0x0) = 0x3
[=]     fstat(fd = 0x3, buf_ptr = 0x7ff3c1a0) = 0x0
[=]     close(fd = 0x3) = 0x0
[=]     open(filename = 0x7ff3c1f8, flags = 0x0, mode = 0x0) = 0x3
[=]     fstat(fd = 0x3, buf_ptr = 0x7ff3c190) = 0x0
[=]     close(fd = 0x3) = 0x0
[=]     open(filename = 0x7ff3c1e8, flags = 0x0, mode = 0x0) = 0x3
[=]     fstat(fd = 0x3, buf_ptr = 0x7ff3c180) = 0x0
[=]     close(fd = 0x3) = 0x0
[=]     open(filename = 0x7ff3c1d8, flags = 0x0, mode = 0x0) = 0x3
[=]     fstat(fd = 0x3, buf_ptr = 0x7ff3c170) = 0x0
[=]     close(fd = 0x3) = 0x0
[=]     open(filename = 0x7ff3c1c8, flags = 0x0, mode = 0x0) = 0x3
[=]     fstat(fd = 0x3, buf_ptr = 0x7ff3c160) = 0x0
[=]     mmap2(addr = 0x0, length = 0x1000, prot = 0x3, flags = 0x4000022, fd = 0xffffffff, pgoffset = 0x0) = 0x776fe000
[=]     read(fd = 0x3, buf = 0x776fe000, length = 0x1000) = 0x1000
[=]     mmap2(addr = 0x0, length = 0x1d000, prot = 0x0, flags = 0x22, fd = 0xffffffff, pgoffset = 0x0) = 0x776ff000
[=]     mmap2(addr = 0x776ff000, length = 0x13620, prot = 0x5, flags = 0x12, fd = 0x3, pgoffset = 0x0) = 0x776ff000
[=]     mmap2(addr = 0x7771a000, length = 0x1a5c, prot = 0x3, flags = 0x12, fd = 0x3, pgoffset = 0x13) = 0x7771a000
[=]     close(fd = 0x3) = 0x0
[=]     mmap2(addr = 0x0, length = 0x1000, prot = 0x3, flags = 0x4000022, fd = 0xffffffff, pgoffset = 0x0) = 0x7771c000
[=]     munmap(addr = 0x776fe000, length = 0x1000) = 0x0
[=]     open(filename = 0x7ff3c1b8, flags = 0x0, mode = 0x0) = 0x3
[=]     fstat(fd = 0x3, buf_ptr = 0x7ff3c150) = 0x0
[=]     mmap2(addr = 0x0, length = 0x1000, prot = 0x3, flags = 0x4000022, fd = 0xffffffff, pgoffset = 0x0) = 0x7771d000
[=]     read(fd = 0x3, buf = 0x7771d000, length = 0x1000) = 0x1000
[=]     mmap2(addr = 0x0, length = 0x9000, prot = 0x0, flags = 0x22, fd = 0xffffffff, pgoffset = 0x0) = 0x7771e000
[=]     mmap2(addr = 0x7771e000, length = 0xab4, prot = 0x5, flags = 0x12, fd = 0x3, pgoffset = 0x0) = 0x7771e000
[=]     mmap2(addr = 0x77726000, length = 0x1000, prot = 0x3, flags = 0x12, fd = 0x3, pgoffset = 0x0) = 0x77726000
[=]     close(fd = 0x3) = 0x0
[=]     munmap(addr = 0x7771d000, length = 0x1000) = 0x0
[=]     open(filename = 0x7ff3c1a8, flags = 0x0, mode = 0x0) = 0x3
[=]     fstat(fd = 0x3, buf_ptr = 0x7ff3c140) = 0x0
[=]     close(fd = 0x3) = 0x0
[=]     open(filename = 0x7ff3c198, flags = 0x0, mode = 0x0) = 0x3
[=]     fstat(fd = 0x3, buf_ptr = 0x7ff3c130) = 0x0
[=]     close(fd = 0x3) = 0x0
[=]     open(filename = 0x7ff3c188, flags = 0x0, mode = 0x0) = 0x3
[=]     fstat(fd = 0x3, buf_ptr = 0x7ff3c120) = 0x0
[=]     mmap2(addr = 0x0, length = 0x1000, prot = 0x3, flags = 0x4000022, fd = 0xffffffff, pgoffset = 0x0) = 0x77727000
[=]     read(fd = 0x3, buf = 0x77727000, length = 0x1000) = 0x1000
[=]     mmap2(addr = 0x0, length = 0x167000, prot = 0x0, flags = 0x22, fd = 0xffffffff, pgoffset = 0x0) = 0x77728000
[=]     mmap2(addr = 0x77728000, length = 0x148dd0, prot = 0x5, flags = 0x12, fd = 0x3, pgoffset = 0x0) = 0x77728000
[=]     mmap2(addr = 0x77879000, length = 0x12ef4, prot = 0x3, flags = 0x12, fd = 0x3, pgoffset = 0x149) = 0x77879000
[=]     mmap2(addr = 0x7788c000, length = 0x2ac0, prot = 0x3, flags = 0x32, fd = 0xffffffff, pgoffset = 0x0) = 0x7788c000
[=]     close(fd = 0x3) = 0x0
[=]     munmap(addr = 0x77727000, length = 0x1000) = 0x0
[=]     open(filename = 0x7ff3c178, flags = 0x0, mode = 0x0) = 0x3
[=]     fstat(fd = 0x3, buf_ptr = 0x7ff3c110) = 0x0
[=]     close(fd = 0x3) = 0x0
[=]     open(filename = 0x7ff3c168, flags = 0x0, mode = 0x0) = 0x3
[=]     fstat(fd = 0x3, buf_ptr = 0x7ff3c100) = 0x0
[=]     close(fd = 0x3) = 0x0
[=]     open(filename = 0x7ff3c158, flags = 0x0, mode = 0x0) = 0x3
[=]     fstat(fd = 0x3, buf_ptr = 0x7ff3c0f0) = 0x0
[=]     close(fd = 0x3) = 0x0
[=]     open(filename = 0x7ff3c148, flags = 0x0, mode = 0x0) = 0x3
[=]     fstat(fd = 0x3, buf_ptr = 0x7ff3c0e0) = 0x0
[=]     close(fd = 0x3) = 0x0
[=]     open(filename = 0x7ff3c138, flags = 0x0, mode = 0x0) = 0x3
[=]     fstat(fd = 0x3, buf_ptr = 0x7ff3c0d0) = 0x0
[=]     close(fd = 0x3) = 0x0
[=]     stat(path = 0x7771c480, buf_ptr = 0x7ff3cd00) = 0x0
[=]     open(filename = 0x47be1c7, flags = 0x0, mode = 0x0) = -0x2 (ENOENT)
[=]     gettimeofday(tv = 0x7ff3cd40, tz = 0x0) = 0x0
[=]     mprotect(start = 0x7755b000, mlen = 0x1000, prot = 0x1) = 0x0
[=]     mprotect(start = 0x77641000, mlen = 0x1000, prot = 0x1) = 0x0
[=]     mprotect(start = 0x776f7000, mlen = 0x1000, prot = 0x1) = 0x0
[=]     mprotect(start = 0x77726000, mlen = 0x1000, prot = 0x1) = 0x0
[=]     mprotect(start = 0x47c6000, mlen = 0x1000, prot = 0x1) = 0x0
[=]     mprotect(start = 0x77564000, mlen = 0x93c, prot = 0x5) = 0x0
[=]     ioctl(fd = 0x0, cmd = 0x5401, arg = 0x7ff3c914) = 0x0
[=]     ioctl(fd = 0x1, cmd = 0x5401, arg = 0x7ff3c914) = 0x0
[=]     getpid() = 0x512
[=]     ugetrlimit(res = 0x3, rlim = 0x7ff3c960) = 0x0
[=]     setrlimit(resource = 0x3, rlim = 0x7ff3c960) = 0x0
[=]     rt_sigaction(signum = 0x20, act = 0x7ff3c924, oldact = 0x0) = 0x0
[=]     rt_sigaction(signum = 0x21, act = 0x7ff3c924, oldact = 0x0) = 0x0
[=]     rt_sigaction(signum = 0x22, act = 0x7ff3c924, oldact = 0x0) = 0x0
[=]     rt_sigprocmask(how = 0x0, nset = 0x7ff3c968, oset = 0x0, sigsetsize = 0x8) = 0x0
[=]     rt_sigprocmask(how = 0x1, nset = 0x7ff3c968, oset = 0x0, sigsetsize = 0x8) = 0x0
[=]     brk(inp = 0x0) = 0xe6000
[=]     brk(inp = 0xe7000) = 0xe7000
------------patcher
[=]     gdb> Stop at entry point: 0xe778
[=]     gdb> Listening on 127.0.01:9999
[=]     gdb> Breakpoint added at: 0x2d274
[=]     gdb> Breakpoint added at: 0x2d280
[=]     gdb> Breakpoint removed at: 0x2d280
[=]     gdb> Resume at: 0xe778
------------patcher
[=]     ugetrlimit(res = 0x4, rlim = 0x7ff3cd50) = 0x0
init_core_dump 1784: rlim_cur = 0, rlim_max = -1
[=]     write(fd = 0x1, buf = 0x776fa648, count = 0x31) = 0x31
[=]     setrlimit(resource = 0x4, rlim = 0x7ff3cd50) = 0x0
init_core_dump 1794: open core dump success
[=]     write(fd = 0x1, buf = 0x776fa648, count = 0x2c) = 0x2c
[=]     stat(path = 0x77503404, buf_ptr = 0x7ff3cb60) = -0x2 (ENOENT)
[=]     rt_sigaction(signum = 0x3, act = 0x7ff3cae4, oldact = 0x7ff3cb38) = 0x0
[=]     rt_sigaction(signum = 0x2, act = 0x7ff3cae4, oldact = 0x7ff3cb38) = 0x0
[=]     rt_sigaction(signum = 0x11, act = 0x7ff3cae4, oldact = 0x7ff3cb38) = 0x0
[=]     vfork() = 0x30f0
[=]     vfork() = 0x0
[=]     rt_sigaction(signum = 0x3, act = 0x7ff3cae4, oldact = 0x7ff3cb38) = 0x0
[=]     rt_sigaction(signum = 0x3, act = 0x7ff3cae4, oldact = 0x7ff3cb38) = 0x0
[=]     rt_sigaction(signum = 0x2, act = 0x7ff3cae4, oldact = 0x7ff3cb38) = 0x0
[=]     rt_sigaction(signum = 0x2, act = 0x7ff3cae4, oldact = 0x7ff3cb38) = 0x0
[=]     rt_sigaction(signum = 0x11, act = 0x7ff3cae4, oldact = 0x7ff3cb38) = 0x0
[=]     mmap2(addr = 0x0, length = 0x1000, prot = 0x3, flags = 0x4000022, fd = 0xffffffff, pgoffset = 0x0) = 0x774bf000
[=]     open(filename = 0x7ff3c318, flags = 0x0, mode = 0x0) = -0x2 (ENOENT)
[=]     open(filename = 0x7ff3c300, flags = 0x0, mode = 0x0) = -0x2 (ENOENT)
[=]     open(filename = 0x7ff3c300, flags = 0x0, mode = 0x0) = -0x2 (ENOENT)
[=]     open(filename = 0x7ff3c300, flags = 0x0, mode = 0x0) = -0x2 (ENOENT)
[=]     mmap2(addr = 0x0, length = 0x1000, prot = 0x3, flags = 0x22, fd = 0xffffffff, pgoffset = 0x0) = 0x774c0000
[=]     write(fd = 0x2, buf = 0x774c0000, count = 0x0) = 0x0
sh[=]   write(fd = 0x2, buf = 0x7ff3cffc, count = 0x2) = 0x2
: can't load library '[=]       write(fd = 0x2, buf = 0x774c0002, count = 0x16) = 0x16
libcrypt.so.0[=]        write(fd = 0x2, buf = 0x9dc1, count = 0xd) = 0xd
'
[=]     write(fd = 0x2, buf = 0x774c001a, count = 0x2) = 0x2
[=]     munmap(addr = 0x774c0000, length = 0x1000) = 0x0
[=]     wait4(pid = 0x30f0, wstatus = 0x7ff3cb94, options = 0x0, rusage = 0x0) = 0x30f0
[=]     rt_sigaction(signum = 0x3, act = 0x7ff3cae4, oldact = 0x7ff3cb38) = 0x0
[=]     rt_sigaction(signum = 0x2, act = 0x7ff3cae4, oldact = 0x7ff3cb38) = 0x0
[=]     rt_sigaction(signum = 0x11, act = 0x7ff3cae4, oldact = 0x7ff3cb38) = 0x0
[=]     ugetrlimit(res = 0x4, rlim = 0x7ff3cd50) = 0x0
init_core_dump 1803: rlim_cur = 5120, rlim_max = 5120
[=]     write(fd = 0x1, buf = 0x776fa648, count = 0x36) = 0x36


Yes:

      ****** WeLoveLinux****** 

 Welcome to ...[=]      write(fd = 0x1, buf = 0x776fa648, count = 0x38) = 0x38

[=]     write(fd = 0x1, buf = 0x776fa648, count = 0x1) = 0x1
[=]     rt_sigaction(signum = 0xa, act = 0x7ff3cccc, oldact = 0x7ff3cd20) = 0x0
[=]     rt_sigaction(signum = 0xc, act = 0x7ff3cccc, oldact = 0x7ff3cd20) = 0x0
[=]     rt_sigaction(signum = 0xf, act = 0x7ff3cccc, oldact = 0x7ff3cd20) = 0x0
[=]     rt_sigaction(signum = 0xd, act = 0x7ff3cccc, oldact = 0x7ff3cd20) = 0x0
[=]     rt_sigaction(signum = 0x1, act = 0x7ff3cccc, oldact = 0x7ff3cd20) = 0x0
[=]     rt_sigaction(signum = 0x11, act = 0x7ff3cccc, oldact = 0x7ff3cd20) = 0x0
[=]     rt_sigaction(signum = 0x6, act = 0x7ff3cccc, oldact = 0x7ff3cd20) = 0x0
[=]     rt_sigaction(signum = 0x6, act = 0x7ff3cccc, oldact = 0x7ff3cd20) = 0x0
[=]     rt_sigaction(signum = 0xe, act = 0x7ff3cccc, oldact = 0x7ff3cd20) = 0x0
[=]     rt_sigaction(signum = 0x8, act = 0x7ff3cccc, oldact = 0x7ff3cd20) = 0x0
[=]     rt_sigaction(signum = 0x3, act = 0x7ff3cccc, oldact = 0x7ff3cd20) = 0x0
[=]     rt_sigaction(signum = 0xd, act = 0x7ff3cccc, oldact = 0x7ff3cd20) = 0x0
[=]     rt_sigaction(signum = 0x7, act = 0x7ff3cccc, oldact = 0x7ff3cd20) = 0x0
[=]     rt_sigaction(signum = 0x1d, act = 0x7ff3cccc, oldact = 0x7ff3cd20) = 0x0
[=]     rt_sigaction(signum = 0x1b, act = 0x7ff3cccc, oldact = 0x7ff3cd20) = 0x0
[=]     rt_sigaction(signum = 0x1f, act = 0x7ff3cccc, oldact = 0x7ff3cd20) = 0x0
[=]     rt_sigaction(signum = 0x5, act = 0x7ff3cccc, oldact = 0x7ff3cd20) = 0x0
[=]     rt_sigaction(signum = 0x1a, act = 0x7ff3cccc, oldact = 0x7ff3cd20) = 0x0
[=]     rt_sigaction(signum = 0x18, act = 0x7ff3cccc, oldact = 0x7ff3cd20) = 0x0
[=]     rt_sigaction(signum = 0x19, act = 0x7ff3cccc, oldact = 0x7ff3cd20) = 0x0
[=]     socket(domain = 0x2, type = 0x2, protocol = 0x0) = 0x3
[=]     ioctl(fd = 0x3, cmd = 0x8915, arg = 0x7ff3cd2c) = -0x1 (EPERM)
[=]     close(fd = 0x3) = 0x0
[=]     gdb> Breakpoint found, stop at address: 0x2d274
[=]     gdb> Breakpoint added at: 0x2d278
[=]     gdb> Breakpoint removed at: 0x2d274
[=]     gdb> Resume at: 0x2d274
[=]     gdb> Breakpoint found, stop at address: 0x2d278
[=]     gdb> Breakpoint removed at: 0x2d278
[=]     gdb> Breakpoint added at: 0x2d274
[=]     gdb> Resume at: 0x2d278
[=]     rt_sigaction(signum = 0x11, act = 0x0, oldact = 0x7ff3cd3c) = 0x0
[=]     rt_sigprocmask(how = 0x0, nset = 0x7ff3cd50, oset = 0x7ff3cd50, sigsetsize = 0x8) = 0x0
[=]     nanosleep(req = 0x7ff3cd58, rem = 0x7ff3cd58) = 0x0
[=]     socket(domain = 0x2, type = 0x2, protocol = 0x0) = 0x3
[=]     ioctl(fd = 0x3, cmd = 0x8915, arg = 0x7ff3cd2c) = -0x1 (EPERM)
[=]     close(fd = 0x3) = 0x0
[=]     gdb> Breakpoint found, stop at address: 0x2d274
[=]     gdb> Breakpoint added at: 0x2d278
[=]     gdb> Breakpoint removed at: 0x2d274
[=]     gdb> Resume at: 0x2d274
[=]     gdb> Breakpoint found, stop at address: 0x2d278
[=]     gdb> Breakpoint removed at: 0x2d278
[=]     gdb> Breakpoint added at: 0x2d274
[=]     gdb> Resume at: 0x2d278
[=]     rt_sigaction(signum = 0x11, act = 0x0, oldact = 0x7ff3cd3c) = 0x0
[=]     rt_sigprocmask(how = 0x0, nset = 0x7ff3cd50, oset = 0x7ff3cd50, sigsetsize = 0x8) = 0x0
[=]     nanosleep(req = 0x7ff3cd58, rem = 0x7ff3cd58) = 0x0
[=]     socket(domain = 0x2, type = 0x2, protocol = 0x0) = 0x3
[=]     ioctl(fd = 0x3, cmd = 0x8915, arg = 0x7ff3cd2c) = -0x1 (EPERM)
[=]     close(fd = 0x3) = 0x0
[=]     gdb> Breakpoint found, stop at address: 0x2d274